2022-04-05 15:55:58.957  INFO 45640 --- [main] c.m.u.UserServiceApplicationTests        : Starting UserServiceApplicationTests using Java 1.8.0_251 on MDB22LT465 with PID 45640 (started by vishnup in D:\Spring\Assessment\user-service)
2022-04-05 15:55:58.961  INFO 45640 --- [main] c.m.u.UserServiceApplicationTests        : No active profile set, falling back to 1 default profile: "default"
2022-04-05 15:56:00.482  INFO 45640 --- [main] .s.d.r.c.RepositoryConfigurationDelegate : Bootstrapping Spring Data MongoDB repositories in DEFAULT mode.
2022-04-05 15:56:00.828  INFO 45640 --- [main] .s.d.r.c.RepositoryConfigurationDelegate : Finished Spring Data repository scanning in 335 ms. Found 1 MongoDB repository interfaces.
2022-04-05 15:56:01.333  INFO 45640 --- [main] o.s.cloud.context.scope.GenericScope     : BeanFactory id=8523f722-8861-3b8b-ba49-3667a2e108cb
2022-04-05 15:56:03.236  INFO 45640 --- [main] org.mongodb.driver.cluster               : Cluster created with settings {hosts=[localhost:27017], mode=SINGLE, requiredClusterType=UNKNOWN, serverSelectionTimeout='30000 ms'}
2022-04-05 15:56:03.378  INFO 45640 --- [cluster-rtt-ClusterId{value='624c193b93f14e78c3813dc6', description='null'}-localhost:27017] org.mongodb.driver.connection            : Opened connection [connectionId{localValue:1, serverValue:50}] to localhost:27017
2022-04-05 15:56:03.378  INFO 45640 --- [cluster-ClusterId{value='624c193b93f14e78c3813dc6', description='null'}-localhost:27017] org.mongodb.driver.connection            : Opened connection [connectionId{localValue:2, serverValue:49}] to localhost:27017
2022-04-05 15:56:03.382  INFO 45640 --- [cluster-ClusterId{value='624c193b93f14e78c3813dc6', description='null'}-localhost:27017] org.mongodb.driver.cluster               : Monitor thread successfully connected to server with description ServerDescription{address=localhost:27017, type=STANDALONE, state=CONNECTED, ok=true, minWireVersion=0, maxWireVersion=13, maxDocumentSize=16777216, logicalSessionTimeoutMinutes=30, roundTripTimeNanos=46223300}
2022-04-05 15:56:03.504  WARN 45640 --- [main] o.s.data.convert.CustomConversions       : Registering converter from class java.time.LocalDateTime to class org.joda.time.LocalDateTime as reading converter although it doesn't convert from a store-supported type! You might want to check your annotation setup at the converter implementation.
2022-04-05 15:56:03.729  WARN 45640 --- [main] o.s.data.convert.CustomConversions       : Registering converter from class java.time.LocalDateTime to class org.joda.time.LocalDateTime as reading converter although it doesn't convert from a store-supported type! You might want to check your annotation setup at the converter implementation.
2022-04-05 15:56:07.819  INFO 45640 --- [main] DiscoveryClientOptionalArgsConfiguration : Eureka HTTP Client uses RestTemplate.
2022-04-05 15:56:09.760  WARN 45640 --- [main] iguration$LoadBalancerCaffeineWarnLogger : Spring Cloud LoadBalancer is currently working with the default cache. While this cache implementation is useful for development and tests, it's recommended to use Caffeine cache in production.You can switch to using Caffeine cache, by adding it and org.springframework.cache.caffeine.CaffeineCacheManager to the classpath.
2022-04-05 15:56:09.835  INFO 45640 --- [main] o.s.c.n.eureka.InstanceInfoFactory       : Setting initial instance status as: STARTING
2022-04-05 15:56:10.006  INFO 45640 --- [main] com.netflix.discovery.DiscoveryClient    : Initializing Eureka in region us-east-1
2022-04-05 15:56:10.020  INFO 45640 --- [main] c.n.d.s.r.aws.ConfigClusterResolver      : Resolving eureka endpoints via configuration
2022-04-05 15:56:10.072  INFO 45640 --- [main] com.netflix.discovery.DiscoveryClient    : Disable delta property : false
2022-04-05 15:56:10.072  INFO 45640 --- [main] com.netflix.discovery.DiscoveryClient    : Single vip registry refresh property : null
2022-04-05 15:56:10.072  INFO 45640 --- [main] com.netflix.discovery.DiscoveryClient    : Force full registry fetch : false
2022-04-05 15:56:10.072  INFO 45640 --- [main] com.netflix.discovery.DiscoveryClient    : Application is null : false
2022-04-05 15:56:10.072  INFO 45640 --- [main] com.netflix.discovery.DiscoveryClient    : Registered Applications size is zero : true
2022-04-05 15:56:10.073  INFO 45640 --- [main] com.netflix.discovery.DiscoveryClient    : Application version is -1: true
2022-04-05 15:56:10.073  INFO 45640 --- [main] com.netflix.discovery.DiscoveryClient    : Getting all instance registry info from the eureka server
2022-04-05 15:56:12.291  INFO 45640 --- [main] com.netflix.discovery.DiscoveryClient    : The response status is 200
2022-04-05 15:56:12.294  INFO 45640 --- [main] com.netflix.discovery.DiscoveryClient    : Starting heartbeat executor: renew interval is: 30
2022-04-05 15:56:12.297  INFO 45640 --- [main] c.n.discovery.InstanceInfoReplicator     : InstanceInfoReplicator onDemand update allowed rate per min is 4
2022-04-05 15:56:12.304  INFO 45640 --- [main] com.netflix.discovery.DiscoveryClient    : Discovery Client initialized at timestamp 1649154372302 with initial instances count: 0
2022-04-05 15:56:12.308  INFO 45640 --- [main] o.s.c.n.e.s.EurekaServiceRegistry        : Registering application USER-SERVICE with eureka with status UP
2022-04-05 15:56:12.309  INFO 45640 --- [main] com.netflix.discovery.DiscoveryClient    : Saw local status change event StatusChangeEvent [timestamp=1649154372309, current=UP, previous=STARTING]
2022-04-05 15:56:12.311  INFO 45640 --- [DiscoveryClient-InstanceInfoReplicator-0] com.netflix.discovery.DiscoveryClient    : DiscoveryClient_USER-SERVICE/MDB22LT465.mavericsystems.lan:user-service:3005: registering service...
2022-04-05 15:56:12.328  INFO 45640 --- [main] c.m.u.UserServiceApplicationTests        : Started UserServiceApplicationTests in 15.998 seconds (JVM running for 18.094)
2022-04-05 15:56:12.442  INFO 45640 --- [DiscoveryClient-InstanceInfoReplicator-0] com.netflix.discovery.DiscoveryClient    : DiscoveryClient_USER-SERVICE/MDB22LT465.mavericsystems.lan:user-service:3005 - registration status: 204
2022-04-05 15:56:12.785  INFO 45640 --- [SpringApplicationShutdownHook] o.s.c.n.e.s.EurekaServiceRegistry        : Unregistering application USER-SERVICE with eureka with status DOWN
2022-04-05 15:56:12.786  INFO 45640 --- [SpringApplicationShutdownHook] com.netflix.discovery.DiscoveryClient    : Saw local status change event StatusChangeEvent [timestamp=1649154372786, current=DOWN, previous=UP]
2022-04-05 15:56:12.786  INFO 45640 --- [DiscoveryClient-InstanceInfoReplicator-0] com.netflix.discovery.DiscoveryClient    : DiscoveryClient_USER-SERVICE/MDB22LT465.mavericsystems.lan:user-service:3005: registering service...
2022-04-05 15:56:12.801  INFO 45640 --- [SpringApplicationShutdownHook] com.netflix.discovery.DiscoveryClient    : Shutting down DiscoveryClient ...
2022-04-05 15:56:12.805  INFO 45640 --- [DiscoveryClient-InstanceInfoReplicator-0] com.netflix.discovery.DiscoveryClient    : DiscoveryClient_USER-SERVICE/MDB22LT465.mavericsystems.lan:user-service:3005 - registration status: 204
2022-04-05 15:56:12.809  INFO 45640 --- [SpringApplicationShutdownHook] com.netflix.discovery.DiscoveryClient    : Unregistering ...
2022-04-05 15:56:12.823  INFO 45640 --- [SpringApplicationShutdownHook] com.netflix.discovery.DiscoveryClient    : DiscoveryClient_USER-SERVICE/MDB22LT465.mavericsystems.lan:user-service:3005 - deregister  status: 200
2022-04-05 15:56:12.831  INFO 45640 --- [SpringApplicationShutdownHook] com.netflix.discovery.DiscoveryClient    : Completed shut down of DiscoveryClient
2022-04-05 15:56:42.841  INFO 41972 --- [restartedMain] c.m.userservice.UserServiceApplication   : Starting UserServiceApplication using Java 1.8.0_251 on MDB22LT465 with PID 41972 (D:\Spring\Assessment\user-service\target\classes started by vishnup in D:\Spring\Assessment\user-service)
2022-04-05 15:56:42.844  INFO 41972 --- [restartedMain] c.m.userservice.UserServiceApplication   : No active profile set, falling back to 1 default profile: "default"
2022-04-05 15:56:42.962  INFO 41972 --- [restartedMain] .e.DevToolsPropertyDefaultsPostProcessor : Devtools property defaults active! Set 'spring.devtools.add-properties' to 'false' to disable
2022-04-05 15:56:42.963  INFO 41972 --- [restartedMain] .e.DevToolsPropertyDefaultsPostProcessor : For additional web related logging consider setting the 'logging.level.web' property to 'DEBUG'
2022-04-05 15:56:44.505  INFO 41972 --- [restartedMain] .s.d.r.c.RepositoryConfigurationDelegate : Bootstrapping Spring Data MongoDB repositories in DEFAULT mode.
2022-04-05 15:56:44.783  INFO 41972 --- [restartedMain] .s.d.r.c.RepositoryConfigurationDelegate : Finished Spring Data repository scanning in 267 ms. Found 1 MongoDB repository interfaces.
2022-04-05 15:56:45.329  INFO 41972 --- [restartedMain] o.s.cloud.context.scope.GenericScope     : BeanFactory id=25394c6e-ebc7-3a0c-8ebf-8b68279457f7
2022-04-05 15:56:47.897  INFO 41972 --- [restartedMain] o.s.b.w.embedded.tomcat.TomcatWebServer  : Tomcat initialized with port(s): 3005 (http)
2022-04-05 15:56:47.913  INFO 41972 --- [restartedMain] o.apache.catalina.core.StandardService   : Starting service [Tomcat]
2022-04-05 15:56:47.913  INFO 41972 --- [restartedMain] org.apache.catalina.core.StandardEngine  : Starting Servlet engine: [Apache Tomcat/9.0.58]
2022-04-05 15:56:48.153  INFO 41972 --- [restartedMain] o.a.c.c.C.[Tomcat].[localhost].[/]       : Initializing Spring embedded WebApplicationContext
2022-04-05 15:56:48.153  INFO 41972 --- [restartedMain] w.s.c.ServletWebServerApplicationContext : Root WebApplicationContext: initialization completed in 5189 ms
2022-04-05 15:56:48.493  INFO 41972 --- [restartedMain] org.mongodb.driver.cluster               : Cluster created with settings {hosts=[localhost:27017], mode=SINGLE, requiredClusterType=UNKNOWN, serverSelectionTimeout='30000 ms'}
2022-04-05 15:56:48.637  INFO 41972 --- [cluster-rtt-ClusterId{value='624c19681ed49d708b56c76f', description='null'}-localhost:27017] org.mongodb.driver.connection            : Opened connection [connectionId{localValue:1, serverValue:52}] to localhost:27017
2022-04-05 15:56:48.638  INFO 41972 --- [cluster-ClusterId{value='624c19681ed49d708b56c76f', description='null'}-localhost:27017] org.mongodb.driver.connection            : Opened connection [connectionId{localValue:2, serverValue:51}] to localhost:27017
2022-04-05 15:56:48.639  INFO 41972 --- [cluster-ClusterId{value='624c19681ed49d708b56c76f', description='null'}-localhost:27017] org.mongodb.driver.cluster               : Monitor thread successfully connected to server with description ServerDescription{address=localhost:27017, type=STANDALONE, state=CONNECTED, ok=true, minWireVersion=0, maxWireVersion=13, maxDocumentSize=16777216, logicalSessionTimeoutMinutes=30, roundTripTimeNanos=54276900}
2022-04-05 15:56:48.788  WARN 41972 --- [restartedMain] o.s.data.convert.CustomConversions       : Registering converter from class java.time.LocalDateTime to class org.joda.time.LocalDateTime as reading converter although it doesn't convert from a store-supported type! You might want to check your annotation setup at the converter implementation.
2022-04-05 15:56:48.928  INFO 41972 --- [restartedMain] o.s.b.d.a.OptionalLiveReloadServer       : LiveReload server is running on port 35729
2022-04-05 15:56:49.026  WARN 41972 --- [restartedMain] o.s.data.convert.CustomConversions       : Registering converter from class java.time.LocalDateTime to class org.joda.time.LocalDateTime as reading converter although it doesn't convert from a store-supported type! You might want to check your annotation setup at the converter implementation.
2022-04-05 15:56:52.867  INFO 41972 --- [restartedMain] DiscoveryClientOptionalArgsConfiguration : Eureka HTTP Client uses RestTemplate.
2022-04-05 15:56:55.095  WARN 41972 --- [restartedMain] iguration$LoadBalancerCaffeineWarnLogger : Spring Cloud LoadBalancer is currently working with the default cache. While this cache implementation is useful for development and tests, it's recommended to use Caffeine cache in production.You can switch to using Caffeine cache, by adding it and org.springframework.cache.caffeine.CaffeineCacheManager to the classpath.
2022-04-05 15:56:55.162  INFO 41972 --- [restartedMain] o.s.c.n.eureka.InstanceInfoFactory       : Setting initial instance status as: STARTING
2022-04-05 15:56:55.321  INFO 41972 --- [restartedMain] com.netflix.discovery.DiscoveryClient    : Initializing Eureka in region us-east-1
2022-04-05 15:56:55.336  INFO 41972 --- [restartedMain] c.n.d.s.r.aws.ConfigClusterResolver      : Resolving eureka endpoints via configuration
2022-04-05 15:56:55.403  INFO 41972 --- [restartedMain] com.netflix.discovery.DiscoveryClient    : Disable delta property : false
2022-04-05 15:56:55.404  INFO 41972 --- [restartedMain] com.netflix.discovery.DiscoveryClient    : Single vip registry refresh property : null
2022-04-05 15:56:55.404  INFO 41972 --- [restartedMain] com.netflix.discovery.DiscoveryClient    : Force full registry fetch : false
2022-04-05 15:56:55.404  INFO 41972 --- [restartedMain] com.netflix.discovery.DiscoveryClient    : Application is null : false
2022-04-05 15:56:55.404  INFO 41972 --- [restartedMain] com.netflix.discovery.DiscoveryClient    : Registered Applications size is zero : true
2022-04-05 15:56:55.404  INFO 41972 --- [restartedMain] com.netflix.discovery.DiscoveryClient    : Application version is -1: true
2022-04-05 15:56:55.405  INFO 41972 --- [restartedMain] com.netflix.discovery.DiscoveryClient    : Getting all instance registry info from the eureka server
2022-04-05 15:56:57.460  INFO 41972 --- [restartedMain] com.netflix.discovery.DiscoveryClient    : The response status is 200
2022-04-05 15:56:57.464  INFO 41972 --- [restartedMain] com.netflix.discovery.DiscoveryClient    : Starting heartbeat executor: renew interval is: 30
2022-04-05 15:56:57.468  INFO 41972 --- [restartedMain] c.n.discovery.InstanceInfoReplicator     : InstanceInfoReplicator onDemand update allowed rate per min is 4
2022-04-05 15:56:57.475  INFO 41972 --- [restartedMain] com.netflix.discovery.DiscoveryClient    : Discovery Client initialized at timestamp 1649154417473 with initial instances count: 0
2022-04-05 15:56:57.477  INFO 41972 --- [restartedMain] o.s.c.n.e.s.EurekaServiceRegistry        : Registering application USER-SERVICE with eureka with status UP
2022-04-05 15:56:57.478  INFO 41972 --- [restartedMain] com.netflix.discovery.DiscoveryClient    : Saw local status change event StatusChangeEvent [timestamp=1649154417478, current=UP, previous=STARTING]
2022-04-05 15:56:57.481  INFO 41972 --- [DiscoveryClient-InstanceInfoReplicator-0] com.netflix.discovery.DiscoveryClient    : DiscoveryClient_USER-SERVICE/MDB22LT465.mavericsystems.lan:user-service:3005: registering service...
2022-04-05 15:56:57.524  INFO 41972 --- [restartedMain] o.s.b.w.embedded.tomcat.TomcatWebServer  : Tomcat started on port(s): 3005 (http) with context path ''
2022-04-05 15:56:57.525  INFO 41972 --- [restartedMain] .s.c.n.e.s.EurekaAutoServiceRegistration : Updating port to 3005
2022-04-05 15:56:57.563  INFO 41972 --- [DiscoveryClient-InstanceInfoReplicator-0] com.netflix.discovery.DiscoveryClient    : DiscoveryClient_USER-SERVICE/MDB22LT465.mavericsystems.lan:user-service:3005 - registration status: 204
2022-04-05 15:56:59.491  INFO 41972 --- [restartedMain] c.m.userservice.UserServiceApplication   : Started UserServiceApplication in 19.786 seconds (JVM running for 21.03)
2022-04-05 15:57:27.477  INFO 41972 --- [DiscoveryClient-CacheRefreshExecutor-0] com.netflix.discovery.DiscoveryClient    : Disable delta property : false
2022-04-05 15:57:27.477  INFO 41972 --- [DiscoveryClient-CacheRefreshExecutor-0] com.netflix.discovery.DiscoveryClient    : Single vip registry refresh property : null
2022-04-05 15:57:27.477  INFO 41972 --- [DiscoveryClient-CacheRefreshExecutor-0] com.netflix.discovery.DiscoveryClient    : Force full registry fetch : false
2022-04-05 15:57:27.477  INFO 41972 --- [DiscoveryClient-CacheRefreshExecutor-0] com.netflix.discovery.DiscoveryClient    : Application is null : false
2022-04-05 15:57:27.477  INFO 41972 --- [DiscoveryClient-CacheRefreshExecutor-0] com.netflix.discovery.DiscoveryClient    : Registered Applications size is zero : true
2022-04-05 15:57:27.478  INFO 41972 --- [DiscoveryClient-CacheRefreshExecutor-0] com.netflix.discovery.DiscoveryClient    : Application version is -1: false
2022-04-05 15:57:27.478  INFO 41972 --- [DiscoveryClient-CacheRefreshExecutor-0] com.netflix.discovery.DiscoveryClient    : Getting all instance registry info from the eureka server
2022-04-05 15:57:27.503  INFO 41972 --- [DiscoveryClient-CacheRefreshExecutor-0] com.netflix.discovery.DiscoveryClient    : The response status is 200
2022-04-05 15:57:28.262  INFO 41972 --- [http-nio-3005-exec-1] o.a.c.c.C.[Tomcat].[localhost].[/]       : Initializing Spring DispatcherServlet 'dispatcherServlet'
2022-04-05 15:57:28.263  INFO 41972 --- [http-nio-3005-exec-1] o.s.web.servlet.DispatcherServlet        : Initializing Servlet 'dispatcherServlet'
2022-04-05 15:57:28.267  INFO 41972 --- [http-nio-3005-exec-1] o.s.web.servlet.DispatcherServlet        : Completed initialization in 4 ms
2022-04-05 15:57:28.555  INFO 41972 --- [http-nio-3005-exec-1] org.mongodb.driver.connection            : Opened connection [connectionId{localValue:3, serverValue:53}] to localhost:27017
2022-04-05 15:57:28.624  WARN 41972 --- [http-nio-3005-exec-1] .m.m.a.ExceptionHandlerExceptionResolver : Resolved [com.mavericsystems.userservice.exception.EmailAlreadyExistException: Email Already exist : ]
2022-04-05 15:57:38.943  WARN 41972 --- [http-nio-3005-exec-2] .m.m.a.ExceptionHandlerExceptionResolver : Resolved [org.springframework.web.bind.MethodArgumentNotValidException: Validation failed for argument [0] in public org.springframework.http.ResponseEntity<com.mavericsystems.userservice.dto.UserDto> com.mavericsystems.userservice.controller.UserController.createUser(com.mavericsystems.userservice.dto.UserRequest): [Field error in object 'userRequest' on field 'phoneNumber': rejected value [984616021511]; codes [Size.userRequest.phoneNumber,Size.phoneNumber,Size.java.lang.String,Size]; arguments [org.springframework.context.support.DefaultMessageSourceResolvable: codes [userRequest.phoneNumber,phoneNumber]; arguments []; default message [phoneNumber],10,10]; default message [phone number should be a 10 digit number]] ]
2022-04-05 15:57:46.760  WARN 41972 --- [http-nio-3005-exec-3] .m.m.a.ExceptionHandlerExceptionResolver : Resolved [org.springframework.web.bind.MethodArgumentNotValidException: Validation failed for argument [0] in public org.springframework.http.ResponseEntity<com.mavericsystems.userservice.dto.UserDto> com.mavericsystems.userservice.controller.UserController.updateUser(com.mavericsystems.userservice.dto.UserRequest,java.lang.String): [Field error in object 'userRequest' on field 'phoneNumber': rejected value [98461602212]; codes [Size.userRequest.phoneNumber,Size.phoneNumber,Size.java.lang.String,Size]; arguments [org.springframework.context.support.DefaultMessageSourceResolvable: codes [userRequest.phoneNumber,phoneNumber]; arguments []; default message [phoneNumber],10,10]; default message [phone number should be a 10 digit number]] ]
2022-04-05 15:57:54.165  WARN 41972 --- [http-nio-3005-exec-5] .m.m.a.ExceptionHandlerExceptionResolver : Resolved [org.springframework.web.bind.MethodArgumentNotValidException: Validation failed for argument [0] in public org.springframework.http.ResponseEntity<com.mavericsystems.userservice.dto.UserDto> com.mavericsystems.userservice.controller.UserController.updateUser(com.mavericsystems.userservice.dto.UserRequest,java.lang.String): [Field error in object 'userRequest' on field 'phoneNumber': rejected value [98461602212]; codes [Size.userRequest.phoneNumber,Size.phoneNumber,Size.java.lang.String,Size]; arguments [org.springframework.context.support.DefaultMessageSourceResolvable: codes [userRequest.phoneNumber,phoneNumber]; arguments []; default message [phoneNumber],10,10]; default message [phone number should be a 10 digit number]] ]
2022-04-05 15:58:26.648  WARN 41972 --- [http-nio-3005-exec-4] .m.m.a.ExceptionHandlerExceptionResolver : Resolved [com.mavericsystems.userservice.exception.UserIdMismatchException: Id passes in url and request body does not match]
2022-04-05 16:00:06.783  WARN 41972 --- [http-nio-3005-exec-1] .m.m.a.ExceptionHandlerExceptionResolver : Resolved [com.mavericsystems.userservice.exception.UserNotFoundException: User not found with id : sheeb@mail.com]
2022-04-05 16:01:55.424  INFO 41972 --- [AsyncResolver-bootstrap-executor-0] c.n.d.s.r.aws.ConfigClusterResolver      : Resolving eureka endpoints via configuration
2022-04-05 16:04:58.000  INFO 41972 --- [SpringApplicationShutdownHook] o.s.c.n.e.s.EurekaServiceRegistry        : Unregistering application USER-SERVICE with eureka with status DOWN
2022-04-05 16:04:58.001  INFO 41972 --- [SpringApplicationShutdownHook] com.netflix.discovery.DiscoveryClient    : Saw local status change event StatusChangeEvent [timestamp=1649154898001, current=DOWN, previous=UP]
2022-04-05 16:04:58.002  INFO 41972 --- [DiscoveryClient-InstanceInfoReplicator-0] com.netflix.discovery.DiscoveryClient    : DiscoveryClient_USER-SERVICE/MDB22LT465.mavericsystems.lan:user-service:3005: registering service...
2022-04-05 16:04:58.061  INFO 41972 --- [DiscoveryClient-InstanceInfoReplicator-0] com.netflix.discovery.DiscoveryClient    : DiscoveryClient_USER-SERVICE/MDB22LT465.mavericsystems.lan:user-service:3005 - registration status: 204
2022-04-05 16:04:59.163  INFO 41972 --- [SpringApplicationShutdownHook] com.netflix.discovery.DiscoveryClient    : Shutting down DiscoveryClient ...
2022-04-05 16:05:02.174  INFO 41972 --- [SpringApplicationShutdownHook] com.netflix.discovery.DiscoveryClient    : Unregistering ...
2022-04-05 16:05:02.186  INFO 41972 --- [SpringApplicationShutdownHook] com.netflix.discovery.DiscoveryClient    : DiscoveryClient_USER-SERVICE/MDB22LT465.mavericsystems.lan:user-service:3005 - deregister  status: 200
2022-04-05 16:05:02.196  INFO 41972 --- [SpringApplicationShutdownHook] com.netflix.discovery.DiscoveryClient    : Completed shut down of DiscoveryClient
